Friday 26th of October 2018 03:51:55 PM:1
Friday 26th of October 2018 03:52:30 PM:1
Sunday 28th of October 2018 07:05:47 PM:1
Sunday 28th of October 2018 07:14:09 PM:1
Monday 29th of October 2018 01:28:39 AM:1
Sunday 4th of November 2018 10:31:33 PM:1
Sunday 4th of November 2018 10:41:58 PM:1
Thursday 8th of November 2018 12:31:14 AM:1
Tuesday 13th of November 2018 12:18:12 AM:1
Saturday 17th of November 2018 12:29:22 PM:1
Saturday 17th of November 2018 12:30:04 PM:1
Tuesday 20th of November 2018 09:11:44 AM:1
Tuesday 20th of November 2018 11:01:21 PM:1
Saturday 24th of November 2018 06:00:10 PM:1
Saturday 24th of November 2018 06:11:06 PM:1
Sunday 25th of November 2018 07:51:00 PM:1
Tuesday 27th of November 2018 07:25:09 PM:1
Monday 3rd of December 2018 08:00:54 PM:1
Wednesday 5th of December 2018 07:52:51 PM:1
Saturday 15th of December 2018 07:33:18 PM:1
Wednesday 19th of December 2018 06:25:11 PM:1
Wednesday 19th of December 2018 09:35:59 PM:1
Wednesday 19th of December 2018 09:43:00 PM:1
Thursday 20th of December 2018 10:01:55 PM:1
